<?xml version="1.0" encoding="UTF-8"?>
<!-- Generated by org.testng.reporters.JUnitReportReporter -->
<testsuite hostname="LAPTOP-217R14G5" failures="0" tests="2" name="jenkinprac.Jenkin1" time="0.015" errors="0" timestamp="2022-08-13T16:27:32 IST" skipped="0">
  <testcase classname="jenkinprac.Jenkin1" name="display" time="0.011"/>
  <system-out/>
  <testcase classname="jenkinprac.Jenkin1" name="sub" time="0.004"/>
  <system-out/>
</testsuite> <!-- jenkinprac.Jenkin1 -->
